#
# There is insufficient memory for the Java Runtime Environment to continue.
# Native memory allocation (malloc) failed to allocate 1055216 bytes for Chunk::new
# Possible reasons:
#   The system is out of physical RAM or swap space
#   The process is running with CompressedOops enabled, and the Java Heap may be blocking the growth of the native heap
# Possible solutions:
#   Reduce memory load on the system
#   Increase physical memory or swap space
#   Check if swap backing store is full
#   Decrease Java heap size (-Xmx/-Xms)
#   Decrease number of Java threads
#   Decrease Java thread stack sizes (-Xss)
#   Set larger code cache with -XX:ReservedCodeCacheSize=
#   JVM is running with Unscaled Compressed Oops mode in which the Java heap is
#     placed in the first 4GB address space. The Java Heap base address is the
#     maximum limit for the native heap growth. Please use -XX:HeapBaseMinAddress
#     to set the Java Heap base and to place the Java Heap above 4GB virtual address.
# This output file may be truncated or incomplete.
#
#  Out of Memory Error (allocation.cpp:389), pid=8432, tid=0x0000000000004578
#
# JRE version: OpenJDK Runtime Environment (8.0_275-b01) (build 1.8.0_275-b01)
# Java VM: OpenJDK 64-Bit Server VM (25.275-b01 mixed mode windows-amd64 compressed oops)
# Failed to write core dump. Minidumps are not enabled by default on client versions of Windows
#

---------------  T H R E A D  ---------------

Current thread (0x00000000161c2800):  JavaThread "C2 CompilerThread0" daemon [_thread_in_native, id=17784, stack(0x00000000169b0000,0x0000000016ab0000)]

Stack: [0x00000000169b0000,0x0000000016ab0000]
[error occurred during error reporting (printing stack bounds), id 0xc0000005]

Native frames: (J=compiled Java code, j=interpreted, Vv=VM code, C=native code)


Current CompileTask:
C2:  61143 18244       4       com.android.tools.r8.ir.conversion.IRBuilder::a (706 bytes)


---------------  P R O C E S S  ---------------

Java Threads: ( => current thread )
  0x0000000022d84000 JavaThread "WorkerExecutor Queue" [_thread_blocked, id=11128, stack(0x0000000026af0000,0x0000000026bf0000)]
  0x0000000022d7e800 JavaThread "Exec process Thread 3" [_thread_blocked, id=19048, stack(0x00000000267f0000,0x00000000268f0000)]
  0x0000000022d81800 JavaThread "Exec process Thread 2" [_thread_blocked, id=15084, stack(0x00000000266f0000,0x00000000267f0000)]
  0x0000000022d83800 JavaThread "Exec process" [_thread_blocked, id=12628, stack(0x00000000265f0000,0x00000000266f0000)]
  0x0000000022d77800 JavaThread "Cache worker for execution history cache (C:\_myProject\react_native_bareTab_windows_starter\tabs\android\.gradle\6.3\executionHistory)" [_thread_blocked, id=4376, stack(0x00000000260f0000,0x00000000261f0000)]
  0x0000000022d7c000 JavaThread "Execution worker for ':' Thread 7" [_thread_blocked, id=11140, stack(0x0000000025cf0000,0x0000000025df0000)]
  0x0000000022d7e000 JavaThread "Execution worker for ':' Thread 6" [_thread_blocked, id=17452, stack(0x0000000025bf0000,0x0000000025cf0000)]
  0x0000000022d78800 JavaThread "Execution worker for ':' Thread 5" [_thread_blocked, id=12148, stack(0x0000000025af0000,0x0000000025bf0000)]
  0x0000000022d7b800 JavaThread "Execution worker for ':' Thread 4" [_thread_blocked, id=17896, stack(0x00000000259f0000,0x0000000025af0000)]
  0x0000000022d7a800 JavaThread "Execution worker for ':' Thread 3" [_thread_blocked, id=16488, stack(0x00000000258f0000,0x00000000259f0000)]
  0x0000000022d79000 JavaThread "Execution worker for ':' Thread 2" [_thread_blocked, id=5096, stack(0x00000000257f0000,0x00000000258f0000)]
  0x000000001b15b000 JavaThread "Execution worker for ':'" [_thread_blocked, id=14020, stack(0x00000000256f0000,0x00000000257f0000)]
  0x000000001b159000 JavaThread "Cache worker for file content cache (C:\_myProject\react_native_bareTab_windows_starter\tabs\android\.gradle\6.3\fileContent)" [_thread_blocked, id=5064, stack(0x0000000024d30000,0x0000000024e30000)]
  0x000000001b158800 JavaThread "Cache worker for file content cache (C:\Users\tkarn\.gradle\caches\6.3\fileContent)" [_thread_blocked, id=14780, stack(0x00000000235d0000,0x00000000236d0000)]
  0x000000001b157000 JavaThread "Memory manager" [_thread_blocked, id=18928, stack(0x00000000232d0000,0x00000000233d0000)]
  0x000000001b153800 JavaThread "Cache worker for Build Output Cleanup Cache (C:\_myProject\react_native_bareTab_windows_starter\tabs\android\.gradle\buildOutputCleanup)" [_thread_blocked, id=10736, stack(0x00000000215a0000,0x00000000216a0000)]
  0x000000001b156000 JavaThread "Build operations Thread 8" [_thread_blocked, id=2116, stack(0x0000000020ea0000,0x0000000020fa0000)]
  0x000000001b151800 JavaThread "Build operations Thread 7" [_thread_blocked, id=9116, stack(0x0000000020da0000,0x0000000020ea0000)]
  0x000000001b155800 JavaThread "Build operations Thread 6" [_thread_blocked, id=18600, stack(0x0000000020ca0000,0x0000000020da0000)]
  0x000000001b150800 JavaThread "Build operations Thread 5" [_thread_blocked, id=18324, stack(0x0000000020ba0000,0x0000000020ca0000)]
  0x000000001b14f000 JavaThread "Build operations Thread 4" [_thread_blocked, id=9304, stack(0x0000000020aa0000,0x0000000020ba0000)]
  0x000000001b14c000 JavaThread "Build operations Thread 3" [_thread_blocked, id=5908, stack(0x00000000209a0000,0x0000000020aa0000)]
  0x000000001b14e000 JavaThread "Build operations Thread 2" [_thread_blocked, id=16276, stack(0x00000000208a0000,0x00000000209a0000)]
  0x000000001b14d800 JavaThread "Build operations" [_thread_blocked, id=4072, stack(0x0000000020380000,0x0000000020480000)]
  0x0000000018acb000 JavaThread "Cache worker for execution history cache (C:\Users\tkarn\.gradle\caches\6.3\executionHistory)" [_thread_blocked, id=13008, stack(0x000000001e310000,0x000000001e410000)]
  0x0000000018acf000 JavaThread "Cache worker for cache directory md-rule (C:\Users\tkarn\.gradle\caches\6.3\md-rule)" [_thread_blocked, id=11188, stack(0x000000001d0d0000,0x000000001d1d0000)]
  0x0000000018ad0000 JavaThread "Cache worker for cache directory md-supplier (C:\Users\tkarn\.gradle\caches\6.3\md-supplier)" [_thread_blocked, id=18736, stack(0x000000001cdd0000,0x000000001ced0000)]
  0x0000000018ad2800 JavaThread "Cache worker for file hash cache (C:\_myProject\react_native_bareTab_windows_starter\tabs\android\.gradle\6.3\fileHashes)" [_thread_blocked, id=17464, stack(0x000000001e6b0000,0x000000001e7b0000)]
  0x0000000018ad0800 JavaThread "Cache worker for checksums cache (C:\_myProject\react_native_bareTab_windows_starter\tabs\android\.gradle\checksums)" [_thread_blocked, id=16652, stack(0x000000001e210000,0x000000001e310000)]
  0x0000000018acd800 JavaThread "Cache worker for file hash cache (C:\Users\tkarn\.gradle\caches\6.3\fileHashes)" [_thread_blocked, id=15136, stack(0x000000001ab30000,0x000000001ac30000)]
  0x0000000018acd000 JavaThread "File lock request listener" [_thread_in_native, id=17308, stack(0x000000001aa30000,0x000000001ab30000)]
  0x0000000018ad1800 JavaThread "Cache worker for journal cache (C:\Users\tkarn\.gradle\caches\journal-1)" [_thread_blocked, id=5060, stack(0x000000001a930000,0x000000001aa30000)]
  0x0000000018af2000 JavaThread "Thread-9" [_thread_blocked, id=10836, stack(0x000000001a630000,0x000000001a730000)]
  0x0000000018b01000 JavaThread "Stdin handler" [_thread_blocked, id=13444, stack(0x000000001a530000,0x000000001a630000)]
  0x0000000018afd800 JavaThread "Asynchronous log dispatcher for DefaultDaemonConnection: socket connection from /127.0.0.1:53600 to /127.0.0.1:53601" [_thread_blocked, id=1432, stack(0x000000001a330000,0x000000001a430000)]
  0x0000000018ab4000 JavaThread "Daemon worker" [_thread_in_Java, id=13840, stack(0x000000001a230000,0x000000001a330000)]
  0x0000000018aa8800 JavaThread "Cancel handler" [_thread_blocked, id=6916, stack(0x000000001a130000,0x000000001a230000)]
  0x0000000018a34000 JavaThread "Handler for socket connection from /127.0.0.1:53600 to /127.0.0.1:53601" [_thread_in_native, id=13568, stack(0x0000000019e30000,0x0000000019f30000)]
  0x0000000018a35800 JavaThread "Daemon" [_thread_blocked, id=14996, stack(0x0000000019d30000,0x0000000019e30000)]
  0x0000000018a2e000 JavaThread "Daemon periodic checks" [_thread_blocked, id=16640, stack(0x0000000019c30000,0x0000000019d30000)]
  0x0000000018a1c800 JavaThread "Incoming local TCP Connector on port 53600" [_thread_in_native, id=13680, stack(0x0000000019a50000,0x0000000019b50000)]
  0x00000000189ed000 JavaThread "Daemon health stats" [_thread_blocked, id=9920, stack(0x0000000019950000,0x0000000019a50000)]
  0x0000000016245000 JavaThread "Service Thread" daemon [_thread_blocked, id=16136, stack(0x0000000016db0000,0x0000000016eb0000)]
  0x00000000161c6000 JavaThread "C1 CompilerThread3" daemon [_thread_in_native, id=14964, stack(0x0000000016cb0000,0x0000000016db0000)]
  0x00000000161bf000 JavaThread "C2 CompilerThread2" daemon [_thread_in_native, id=16216, stack(0x0000000016bb0000,0x0000000016cb0000)]
  0x00000000161bd800 JavaThread "C2 CompilerThread1" daemon [_thread_in_native, id=15172, stack(0x0000000016ab0000,0x0000000016bb0000)]
=>0x00000000161c2800 JavaThread "C2 CompilerThread0" daemon [_thread_in_native, id=17784, stack(0x00000000169b0000,0x0000000016ab0000)]
  0x0000000014369000 JavaThread "Attach Listener" daemon [_thread_blocked, id=14000, stack(0x00000000168b0000,0x00000000169b0000)]
  0x0000000016164000 JavaThread "Signal Dispatcher" daemon [_thread_blocked, id=992, stack(0x00000000167b0000,0x00000000168b0000)]
  0x0000000016140800 JavaThread "Finalizer" daemon [_thread_blocked, id=14420, stack(0x0000000016620000,0x0000000016720000)]
  0x0000000002b99000 JavaThread "Reference Handler" daemon [_thread_blocked, id=4048, stack(0x0000000016520000,0x0000000016620000)]
  0x0000000002aa4000 JavaThread "main" [_thread_blocked, id=18908, stack(0x0000000002560000,0x0000000002660000)]

Other Threads:
  0x0000000014356800 VMThread [stack: 0x0000000016020000,0x0000000016120000] [id=18316]
  0x0000000016246000 WatcherThread [stack: 0x0000000016eb0000,0x0000000016fb0000] [id=14296]

VM state:not at safepoint (normal execution)

VM Mutex/Monitor currently owned by a thread: None

heap address: 0x00000000e0000000, size: 512 MB, Compressed Oops mode: 32-bit
Narrow klass base: 0x0000000000000000, Narrow klass shift: 3
Compressed class space size: 1073741824 Address: 0x0000000100000000

Heap:
 PSYoungGen      total 124416K, used 7011K [0x00000000f5580000, 0x00000000ffd80000, 0x0000000100000000)
  eden space 79872K, 2% used [0x00000000f5580000,0x00000000f57c2718,0x00000000fa380000)
  from space 44544K, 10% used [0x00000000fd200000,0x00000000fd6966f8,0x00000000ffd80000)
  to   space 46080K, 0% used [0x00000000fa380000,0x00000000fa380000,0x00000000fd080000)
 ParOldGen       total 349696K, used 265632K [0x00000000e0000000, 0x00000000f5580000, 0x00000000f5580000)
  object space 349696K, 75% used [0x00000000e0000000,0x00000000f0368050,0x00000000f5580000)
 Metaspace       used 90225K, capacity 99446K, committed 99608K, reserved 1134592K
  class space    used 12728K, capacity 15124K, committed 15144K, reserved 1048576K

Card table byte_map: [0x0000000011f60000,0x0000000012070000] byte_map_base: 0x0000000011860000

Marking Bits: (ParMarkBitMap*) 0x0000000077a623c0
 Begin Bits: [0x0000000012870000, 0x0000000013070000)
 End Bits:   [0x0000000013070000, 0x0000000013870000)

Polling page: 0x0000000000d00000

CodeCache: size=245760Kb used=48513Kb max_used=48513Kb free=197246Kb
 bounds [0x0000000002ba0000, 0x0000000005b40000, 0x0000000011ba0000]
 total_blobs=16072 nmethods=15220 adapters=762
 compilation: enabled

Compilation events (10 events):
Event: 61.083 Thread 0x00000000161c6000 nmethod 18383% 0x00000000048c4a50 code [0x00000000048c4c80, 0x00000000048c5d78]
Event: 61.083 Thread 0x00000000161c6000 18382       2       com.android.tools.r8.graph.DexItemFactory::createString (43 bytes)
Event: 61.083 Thread 0x00000000161c6000 nmethod 18382 0x0000000004b8f7d0 code [0x0000000004b8f940, 0x0000000004b8fb58]
Event: 61.083 Thread 0x00000000161c6000 18384 %     3       com.android.tools.r8.ir.conversion.N::b @ 85 (4236 bytes)
Event: 61.114 Thread 0x00000000161c6000 nmethod 18384% 0x0000000005b10050 code [0x0000000005b11de0, 0x0000000005b234b8]
Event: 61.115 Thread 0x00000000161c6000 18399       3       com.android.tools.r8.graph.DexString::<init> (267 bytes)
Event: 61.116 Thread 0x00000000161c6000 nmethod 18399 0x00000000047755d0 code [0x0000000004775800, 0x00000000047767f8]
Event: 61.116 Thread 0x00000000161c6000 18406       2       com.android.tools.r8.ir.optimize.z::a (260 bytes)
Event: 61.119 Thread 0x00000000161c6000 nmethod 18406 0x0000000004773950 code [0x0000000004773c40, 0x00000000047747c8]
Event: 61.119 Thread 0x00000000161c6000 18410 %     3       com.android.tools.r8.ir.regalloc.LinearScanRegisterAllocator::allocateRegisters @ 598 (1295 bytes)

GC Heap History (10 events):
Event: 59.524 GC heap after
Heap after GC invocations=39 (full 4):
 PSYoungGen      total 143360K, used 30201K [0x00000000f5580000, 0x0000000100000000, 0x0000000100000000)
  eden space 113152K, 0% used [0x00000000f5580000,0x00000000f5580000,0x00000000fc400000)
  from space 30208K, 99% used [0x00000000fc400000,0x00000000fe17e678,0x00000000fe180000)
  to   space 31232K, 0% used [0x00000000fe180000,0x00000000fe180000,0x0000000100000000)
 ParOldGen       total 349696K, used 203501K [0x00000000e0000000, 0x00000000f5580000, 0x00000000f5580000)
  object space 349696K, 58% used [0x00000000e0000000,0x00000000ec6bb4f8,0x00000000f5580000)
 Metaspace       used 83852K, capacity 92094K, committed 92568K, reserved 1128448K
  class space    used 11667K, capacity 13888K, committed 13992K, reserved 1048576K
}
Event: 60.009 GC heap before
{Heap before GC invocations=40 (full 4):
 PSYoungGen      total 143360K, used 143353K [0x00000000f5580000, 0x0000000100000000, 0x0000000100000000)
  eden space 113152K, 100% used [0x00000000f5580000,0x00000000fc400000,0x00000000fc400000)
  from space 30208K, 99% used [0x00000000fc400000,0x00000000fe17e678,0x00000000fe180000)
  to   space 31232K, 0% used [0x00000000fe180000,0x00000000fe180000,0x0000000100000000)
 ParOldGen       total 349696K, used 203503K [0x00000000e0000000, 0x00000000f5580000, 0x00000000f5580000)
  object space 349696K, 58% used [0x00000000e0000000,0x00000000ec6bbf20,0x00000000f5580000)
 Metaspace       used 88515K, capacity 97430K, committed 97560K, reserved 1132544K
  class space    used 12518K, capacity 14862K, committed 14888K, reserved 1048576K
Event: 60.041 GC heap after
Heap after GC invocations=40 (full 4):
 PSYoungGen      total 105472K, used 31210K [0x00000000f5580000, 0x0000000100000000, 0x0000000100000000)
  eden space 74240K, 0% used [0x00000000f5580000,0x00000000f5580000,0x00000000f9e00000)
  from space 31232K, 99% used [0x00000000fe180000,0x00000000ffffaa28,0x0000000100000000)
  to   space 50176K, 0% used [0x00000000f9e00000,0x00000000f9e00000,0x00000000fcf00000)
 ParOldGen       total 349696K, used 225089K [0x00000000e0000000, 0x00000000f5580000, 0x00000000f5580000)
  object space 349696K, 64% used [0x00000000e0000000,0x00000000edbd07d0,0x00000000f5580000)
 Metaspace       used 88515K, capacity 97430K, committed 97560K, reserved 1132544K
  class space    used 12518K, capacity 14862K, committed 14888K, reserved 1048576K
}
Event: 60.339 GC heap before
{Heap before GC invocations=41 (full 4):
 PSYoungGen      total 105472K, used 105450K [0x00000000f5580000, 0x0000000100000000, 0x0000000100000000)
  eden space 74240K, 100% used [0x00000000f5580000,0x00000000f9e00000,0x00000000f9e00000)
  from space 31232K, 99% used [0x00000000fe180000,0x00000000ffffaa28,0x0000000100000000)
  to   space 50176K, 0% used [0x00000000f9e00000,0x00000000f9e00000,0x00000000fcf00000)
 ParOldGen       total 349696K, used 225089K [0x00000000e0000000, 0x00000000f5580000, 0x00000000f5580000)
  object space 349696K, 64% used [0x00000000e0000000,0x00000000edbd07d0,0x00000000f5580000)
 Metaspace       used 89305K, capacity 98228K, committed 98456K, reserved 1132544K
  class space    used 12615K, capacity 14975K, committed 15016K, reserved 1048576K
Event: 60.364 GC heap after
Heap after GC invocations=41 (full 4):
 PSYoungGen      total 124416K, used 17071K [0x00000000f5580000, 0x0000000100000000, 0x0000000100000000)
  eden space 74240K, 0% used [0x00000000f5580000,0x00000000f5580000,0x00000000f9e00000)
  from space 50176K, 34% used [0x00000000f9e00000,0x00000000faeabe70,0x00000000fcf00000)
  to   space 47616K, 0% used [0x00000000fd180000,0x00000000fd180000,0x0000000100000000)
 ParOldGen       total 349696K, used 243328K [0x00000000e0000000, 0x00000000f5580000, 0x00000000f5580000)
  object space 349696K, 69% used [0x00000000e0000000,0x00000000eeda00f8,0x00000000f5580000)
 Metaspace       used 89305K, capacity 98228K, committed 98456K, reserved 1132544K
  class space    used 12615K, capacity 14975K, committed 15016K, reserved 1048576K
}
Event: 60.631 GC heap before
{Heap before GC invocations=42 (full 4):
 PSYoungGen      total 124416K, used 91311K [0x00000000f5580000, 0x0000000100000000, 0x0000000100000000)
  eden space 74240K, 100% used [0x00000000f5580000,0x00000000f9e00000,0x00000000f9e00000)
  from space 50176K, 34% used [0x00000000f9e00000,0x00000000faeabe70,0x00000000fcf00000)
  to   space 47616K, 0% used [0x00000000fd180000,0x00000000fd180000,0x0000000100000000)
 ParOldGen       total 349696K, used 243328K [0x00000000e0000000, 0x00000000f5580000, 0x00000000f5580000)
  object space 349696K, 69% used [0x00000000e0000000,0x00000000eeda00f8,0x00000000f5580000)
 Metaspace       used 89971K, capacity 99106K, committed 99352K, reserved 1134592K
  class space    used 12712K, capacity 15080K, committed 15144K, reserved 1048576K
Event: 60.652 GC heap after
Heap after GC invocations=42 (full 4):
 PSYoungGen      total 121856K, used 3517K [0x00000000f5580000, 0x00000000ffd80000, 0x0000000100000000)
  eden space 76800K, 0% used [0x00000000f5580000,0x00000000f5580000,0x00000000fa080000)
  from space 45056K, 7% used [0x00000000fd180000,0x00000000fd4ef4f0,0x00000000ffd80000)
  to   space 47616K, 0% used [0x00000000fa080000,0x00000000fa080000,0x00000000fcf00000)
 ParOldGen       total 349696K, used 259231K [0x00000000e0000000, 0x00000000f5580000, 0x00000000f5580000)
  object space 349696K, 74% used [0x00000000e0000000,0x00000000efd27ea0,0x00000000f5580000)
 Metaspace       used 89971K, capacity 99106K, committed 99352K, reserved 1134592K
  class space    used 12712K, capacity 15080K, committed 15144K, reserved 1048576K
}
Event: 60.913 GC heap before
{Heap before GC invocations=43 (full 4):
 PSYoungGen      total 121856K, used 80193K [0x00000000f5580000, 0x00000000ffd80000, 0x0000000100000000)
  eden space 76800K, 99% used [0x00000000f5580000,0x00000000fa0610f8,0x00000000fa080000)
  from space 45056K, 7% used [0x00000000fd180000,0x00000000fd4ef4f0,0x00000000ffd80000)
  to   space 47616K, 0% used [0x00000000fa080000,0x00000000fa080000,0x00000000fcf00000)
 ParOldGen       total 349696K, used 259231K [0x00000000e0000000, 0x00000000f5580000, 0x00000000f5580000)
  object space 349696K, 74% used [0x00000000e0000000,0x00000000efd27ea0,0x00000000f5580000)
 Metaspace       used 90179K, capacity 99376K, committed 99608K, reserved 1134592K
  class space    used 12723K, capacity 15123K, committed 15144K, reserved 1048576K
Event: 60.923 GC heap after
Heap after GC invocations=43 (full 4):
 PSYoungGen      total 124416K, used 4511K [0x00000000f5580000, 0x0000000100000000, 0x0000000100000000)
  eden space 76800K, 0% used [0x00000000f5580000,0x00000000f5580000,0x00000000fa080000)
  from space 47616K, 9% used [0x00000000fa080000,0x00000000fa4e7e60,0x00000000fcf00000)
  to   space 47104K, 0% used [0x00000000fd200000,0x00000000fd200000,0x0000000100000000)
 ParOldGen       total 349696K, used 262079K [0x00000000e0000000, 0x00000000f5580000, 0x00000000f5580000)
  object space 349696K, 74% used [0x00000000e0000000,0x00000000effefe10,0x00000000f5580000)
 Metaspace       used 90179K, capacity 99376K, committed 99608K, reserved 1134592K
  class space    used 12723K, capacity 15123K, committed 15144K, reserved 1048576K
}
Event: 61.131 GC heap before
{Heap before GC invocations=44 (full 4):
 PSYoungGen      total 124416K, used 81311K [0x00000000f5580000, 0x0000000100000000, 0x0000000100000000)
  eden space 76800K, 100% used [0x00000000f5580000,0x00000000fa080000,0x00000000fa080000)
  from space 47616K, 9% used [0x00000000fa080000,0x00000000fa4e7e60,0x00000000fcf00000)
  to   space 47104K, 0% used [0x00000000fd200000,0x00000000fd200000,0x0000000100000000)
 ParOldGen       total 349696K, used 262079K [0x00000000e0000000, 0x00000000f5580000, 0x00000000f5580000)
  object space 349696K, 74% used [0x00000000e0000000,0x00000000effefe10,0x00000000f5580000)
 Metaspace       used 90225K, capacity 99446K, committed 99608K, reserved 1134592K
  class space    used 12728K, capacity 15124K, committed 15144K, reserved 1048576K

Deoptimization events (10 events):
Event: 60.861 Thread 0x0000000018ab4000 Uncommon trap: reason=array_check action=maybe_recompile pc=0x0000000005a3de10 method=java.util.TimSort.reverseRange([Ljava/lang/Object;II)V @ 20
Event: 60.861 Thread 0x0000000018ab4000 Uncommon trap: reason=array_check action=maybe_recompile pc=0x0000000005a3de10 method=java.util.TimSort.reverseRange([Ljava/lang/Object;II)V @ 20
Event: 60.862 Thread 0x0000000018ab4000 Uncommon trap: reason=array_check action=maybe_recompile pc=0x0000000005a3de10 method=java.util.TimSort.reverseRange([Ljava/lang/Object;II)V @ 20
Event: 60.926 Thread 0x000000001b15b000 Uncommon trap: reason=bimorphic action=maybe_recompile pc=0x0000000005408594 method=java.util.stream.ReferencePipeline.collect(Ljava/util/stream/Collector;)Ljava/lang/Object; @ 118
Event: 61.013 Thread 0x0000000022d79000 Uncommon trap: reason=unstable_if action=reinterpret pc=0x000000000580ca8c method=com.android.tools.r8.graph.DexString.<init>(Ljava/lang/String;)V @ 32
Event: 61.013 Thread 0x0000000022d79000 Uncommon trap: reason=unstable_if action=reinterpret pc=0x0000000005773680 method=com.android.tools.r8.graph.DexString.<init>(Ljava/lang/String;)V @ 32
Event: 61.041 Thread 0x0000000022d7a800 Uncommon trap: reason=class_check action=maybe_recompile pc=0x0000000005a377e0 method=com.android.tools.r8.ir.optimize.z.a(Lcom/android/tools/r8/ir/code/Instruction;)Z @ 83
Event: 61.042 Thread 0x0000000022d7a800 Uncommon trap: reason=class_check action=maybe_recompile pc=0x0000000005a377e0 method=com.android.tools.r8.ir.optimize.z.a(Lcom/android/tools/r8/ir/code/Instruction;)Z @ 83
Event: 61.101 Thread 0x0000000022d7a800 Uncommon trap: reason=class_check action=maybe_recompile pc=0x0000000005a377e0 method=com.android.tools.r8.ir.optimize.z.a(Lcom/android/tools/r8/ir/code/Instruction;)Z @ 83
Event: 61.101 Thread 0x0000000022d7a800 Uncommon trap: reason=class_check action=maybe_recompile pc=0x0000000005a377e0 method=com.android.tools.r8.ir.optimize.z.a(Lcom/android/tools/r8/ir/code/Instruction;)Z @ 83

Classes redefined (0 events):
No events

Internal exceptions (10 events):
Event: 59.816 Thread 0x0000000022d7a800 Exception <a 'java/lang/NoSuchMethodError': java.lang.Object.lambda$maxBy$1(Ljava/util/Comparator;Ljava/lang/Object;Ljava/lang/Object;)Ljava/lang/Object;> (0x00000000fa603490) thrown at [C:\cygwin64\tmp\build\source\java-1.8.0-openjdk\tmp\jdk8u\hotspot\sr
Event: 59.816 Thread 0x0000000018ab4000 Exception <a 'java/lang/NoSuchMethodError': java.lang.Object.lambda$maxBy$1(Ljava/util/Comparator;Ljava/lang/Object;Ljava/lang/Object;)Ljava/lang/Object;> (0x00000000f9ba9a10) thrown at [C:\cygwin64\tmp\build\source\java-1.8.0-openjdk\tmp\jdk8u\hotspot\sr
Event: 59.816 Thread 0x0000000022d7b800 Exception <a 'java/lang/NoSuchMethodError': java.lang.Object.lambda$maxBy$1(Ljava/util/Comparator;Ljava/lang/Object;Ljava/lang/Object;)Ljava/lang/Object;> (0x00000000fa65a780) thrown at [C:\cygwin64\tmp\build\source\java-1.8.0-openjdk\tmp\jdk8u\hotspot\sr
Event: 60.606 Thread 0x000000001b15b000 Exception <a 'sun/nio/fs/WindowsException'> (0x00000000f961e438) thrown at [C:\cygwin64\tmp\build\source\java-1.8.0-openjdk\tmp\jdk8u\hotspot\src\share\vm\prims\jni.cpp, line 711]
Event: 60.739 Thread 0x000000001b15b000 Exception <a 'sun/nio/fs/WindowsException'> (0x00000000f6279fd0) thrown at [C:\cygwin64\tmp\build\source\java-1.8.0-openjdk\tmp\jdk8u\hotspot\src\share\vm\prims\jni.cpp, line 711]
Event: 60.924 Thread 0x000000001b15b000 Exception <a 'sun/nio/fs/WindowsException'> (0x00000000f55c61c8) thrown at [C:\cygwin64\tmp\build\source\java-1.8.0-openjdk\tmp\jdk8u\hotspot\src\share\vm\prims\jni.cpp, line 711]
Event: 60.931 Thread 0x000000001b15b000 Exception <a 'sun/nio/fs/WindowsException'> (0x00000000f5856eb0) thrown at [C:\cygwin64\tmp\build\source\java-1.8.0-openjdk\tmp\jdk8u\hotspot\src\share\vm\prims\jni.cpp, line 711]
Event: 60.999 Thread 0x0000000018ab4000 Exception <a 'sun/nio/fs/WindowsException'> (0x00000000f621c268) thrown at [C:\cygwin64\tmp\build\source\java-1.8.0-openjdk\tmp\jdk8u\hotspot\src\share\vm\prims\jni.cpp, line 711]
Event: 61.092 Thread 0x0000000018ab4000 Exception <a 'sun/nio/fs/WindowsException'> (0x00000000f9169838) thrown at [C:\cygwin64\tmp\build\source\java-1.8.0-openjdk\tmp\jdk8u\hotspot\src\share\vm\prims\jni.cpp, line 711]
Event: 61.100 Thread 0x000000001b15b000 Exception <a 'sun/nio/fs/WindowsException'> (0x00000000f958a9d0) thrown at [C:\cygwin64\tmp\build\source\java-1.8.0-openjdk\tmp\jdk8u\hotspot\src\share\vm\prims\jni.cpp, line 711]

Events (10 events):
Event: 61.101 Thread 0x0000000022d7a800 DEOPT PACKING pc=0x0000000005a377e0 sp=0x00000000259ea690
Event: 61.101 Thread 0x0000000022d7a800 DEOPT UNPACKING pc=0x0000000002be557b sp=0x00000000259ea650 mode 2
Event: 61.101 Thread 0x0000000022d7a800 Uncommon trap: trap_request=0xffffffde fr.pc=0x0000000005a377e0
Event: 61.101 Thread 0x0000000022d7a800 DEOPT PACKING pc=0x0000000005a377e0 sp=0x00000000259ea690
Event: 61.101 Thread 0x0000000022d7a800 DEOPT UNPACKING pc=0x0000000002be557b sp=0x00000000259ea650 mode 2
Event: 61.108 Thread 0x0000000022d7a800 DEOPT PACKING pc=0x00000000056e6525 sp=0x00000000259e9a40
Event: 61.108 Thread 0x0000000022d7a800 DEOPT UNPACKING pc=0x0000000002be75d0 sp=0x00000000259e97d8 mode 0
Event: 61.127 Thread 0x0000000022d78800 DEOPT PACKING pc=0x0000000005a47ff6 sp=0x0000000025bea160
Event: 61.128 Thread 0x0000000022d78800 DEOPT UNPACKING pc=0x0000000002be75d0 sp=0x0000000025bea020 mode 0
Event: 61.130 Executing VM operation: ParallelGCFailedAllocation


Dynamic libraries:
0x00007ff768410000 - 0x00007ff768445000 	C:\Program Files\OpenJDK\openjdk-8u275-b01\bin\java.exe
0x00007ffed37a0000 - 0x00007ffed3990000 	C:\WINDOWS\SYSTEM32\ntdll.dll
0x00007ffed2da0000 - 0x00007ffed2e52000 	C:\WINDOWS\System32\KERNEL32.DLL
0x00007ffed1570000 - 0x00007ffed1815000 	C:\WINDOWS\System32\KERNELBASE.dll
0x00007ffed3640000 - 0x00007ffed36e3000 	C:\WINDOWS\System32\ADVAPI32.dll
0x00007ffed2960000 - 0x00007ffed29fe000 	C:\WINDOWS\System32\msvcrt.dll
0x00007ffed1a60000 - 0x00007ffed1af7000 	C:\WINDOWS\System32\sechost.dll
0x00007ffed30b0000 - 0x00007ffed31d0000 	C:\WINDOWS\System32\RPCRT4.dll
0x00007ffed2e60000 - 0x00007ffed2ff4000 	C:\WINDOWS\System32\USER32.dll
0x00007ffed1340000 - 0x00007ffed1361000 	C:\WINDOWS\System32\win32u.dll
0x00007ffed2a00000 - 0x00007ffed2a26000 	C:\WINDOWS\System32\GDI32.dll
0x00007ffed10a0000 - 0x00007ffed1236000 	C:\WINDOWS\System32\gdi32full.dll
0x00007ffed0fe0000 - 0x00007ffed107e000 	C:\WINDOWS\System32\msvcp_win.dll
0x00007ffed1240000 - 0x00007ffed133a000 	C:\WINDOWS\System32\ucrtbase.dll
0x00007ffebeff0000 - 0x00007ffebf274000 	C:\WINDOWS\WinSxS\amd64_microsoft.windows.common-controls_6595b64144ccf1df_6.0.18362.1256_none_9e7e379be45e40e2\COMCTL32.dll
0x00007ffed32d0000 - 0x00007ffed3606000 	C:\WINDOWS\System32\combase.dll
0x00007ffed0760000 - 0x00007ffed07e1000 	C:\WINDOWS\System32\bcryptPrimitives.dll
0x00007ffed3610000 - 0x00007ffed363e000 	C:\WINDOWS\System32\IMM32.DLL
0x0000000050420000 - 0x00000000504f2000 	C:\Program Files\OpenJDK\openjdk-8u275-b01\jre\bin\msvcr100.dll
0x0000000077250000 - 0x0000000077ae4000 	C:\Program Files\OpenJDK\openjdk-8u275-b01\jre\bin\server\jvm.dll
0x00007ffed22b0000 - 0x00007ffed22b8000 	C:\WINDOWS\System32\PSAPI.DLL
0x00007ffecdb30000 - 0x00007ffecdb54000 	C:\WINDOWS\SYSTEM32\WINMM.dll
0x00007ffece020000 - 0x00007ffece029000 	C:\WINDOWS\SYSTEM32\WSOCK32.dll
0x00007ffece3a0000 - 0x00007ffece3aa000 	C:\WINDOWS\SYSTEM32\VERSION.dll
0x00007ffed2b80000 - 0x00007ffed2bef000 	C:\WINDOWS\System32\WS2_32.dll
0x00007ffecd6b0000 - 0x00007ffecd6dd000 	C:\WINDOWS\SYSTEM32\WINMMBASE.dll
0x00007ffed0710000 - 0x00007ffed075a000 	C:\WINDOWS\System32\cfgmgr32.dll
0x00007ffece010000 - 0x00007ffece01f000 	C:\Program Files\OpenJDK\openjdk-8u275-b01\jre\bin\verify.dll
0x00007ffebd540000 - 0x00007ffebd569000 	C:\Program Files\OpenJDK\openjdk-8u275-b01\jre\bin\java.dll
0x00007ffec7670000 - 0x00007ffec7686000 	C:\Program Files\OpenJDK\openjdk-8u275-b01\jre\bin\zip.dll
0x00007ffed1b10000 - 0x00007ffed21f7000 	C:\WINDOWS\System32\SHELL32.dll
0x00007ffed3000000 - 0x00007ffed30a9000 	C:\WINDOWS\System32\shcore.dll
0x00007ffed07f0000 - 0x00007ffed0f71000 	C:\WINDOWS\System32\windows.storage.dll
0x00007ffed06e0000 - 0x00007ffed0703000 	C:\WINDOWS\System32\profapi.dll
0x00007ffed0670000 - 0x00007ffed06ba000 	C:\WINDOWS\System32\powrprof.dll
0x00007ffed0640000 - 0x00007ffed0650000 	C:\WINDOWS\System32\UMPDC.dll
0x00007ffed18b0000 - 0x00007ffed1902000 	C:\WINDOWS\System32\shlwapi.dll
0x00007ffed0650000 - 0x00007ffed0661000 	C:\WINDOWS\System32\kernel.appcore.dll
0x00007ffed1080000 - 0x00007ffed1097000 	C:\WINDOWS\System32\cryptsp.dll
0x00007ffebe430000 - 0x00007ffebe44b000 	C:\Program Files\OpenJDK\openjdk-8u275-b01\jre\bin\net.dll
0x00007ffecfdf0000 - 0x00007ffecfe57000 	C:\WINDOWS\system32\mswsock.dll
0x00007ffebd4b0000 - 0x00007ffebd4c2000 	C:\Program Files\OpenJDK\openjdk-8u275-b01\jre\bin\nio.dll
0x00007ffeca680000 - 0x00007ffeca6a7000 	C:\Users\tkarn\.gradle\native\c976cfcca226fdd4bee4412e95191dd41148b7504f9625baeda1d523bc39a967\windows-amd64\native-platform.dll
0x00007ffecd6a0000 - 0x00007ffecd6ad000 	C:\Program Files\OpenJDK\openjdk-8u275-b01\jre\bin\management.dll
0x00007ffecf960000 - 0x00007ffecf993000 	C:\WINDOWS\system32\rsaenh.dll
0x00007ffed1820000 - 0x00007ffed1846000 	C:\WINDOWS\System32\bcrypt.dll
0x00007ffed0520000 - 0x00007ffed0545000 	C:\WINDOWS\SYSTEM32\USERENV.dll
0x00007ffecffb0000 - 0x00007ffecffbc000 	C:\WINDOWS\SYSTEM32\CRYPTBASE.dll
0x00007ffecfb10000 - 0x00007ffecfb4a000 	C:\WINDOWS\SYSTEM32\IPHLPAPI.DLL
0x00007ffed1b00000 - 0x00007ffed1b08000 	C:\WINDOWS\System32\NSI.dll
0x00007ffec5d20000 - 0x00007ffec5d36000 	C:\WINDOWS\SYSTEM32\dhcpcsvc6.DLL
0x00007ffec5d00000 - 0x00007ffec5d1c000 	C:\WINDOWS\SYSTEM32\dhcpcsvc.DLL
0x00007ffecfb60000 - 0x00007ffecfc2b000 	C:\WINDOWS\SYSTEM32\DNSAPI.dll

VM Arguments:
jvm_args: -XX:MaxMetaspaceSize=256m -XX:+HeapDumpOnOutOfMemoryError -Xms256m -Xmx512m -Dfile.encoding=x-windows-949 -Duser.country=KR -Duser.language=ko -Duser.variant 
java_command: org.gradle.launcher.daemon.bootstrap.GradleDaemon 6.3
java_class_path (initial): C:\Users\tkarn\.gradle\wrapper\dists\gradle-6.3-all\b4awcolw9l59x95tu1obfh9i8\gradle-6.3\lib\gradle-launcher-6.3.jar
Launcher Type: SUN_STANDARD

Environment Variables:
JAVA_HOME=C:\Program Files\OpenJDK\openjdk-8u275-b01
CLASSPATH=C:\_myProject\react_native_bareTab_windows_starter\tabs\android\\gradle\wrapper\gradle-wrapper.jar
PATH=C:\_myProject\react_native_bareTab_windows_starter\tabs\android\node_modules\.bin;C:\_myProject\react_native_bareTab_windows_starter\tabs\node_modules\.bin;C:\_myProject\react_native_bareTab_windows_starter\node_modules\.bin;C:\_myProject\node_modules\.bin;C:\node_modules\.bin;C:\Program Files\nodejs;C:\Users\tkarn\AppData\Local\Temp\yarn--1610285476993-0.7011640476389087;C:\_myProject\react_native_bareTab_windows_starter\tabs\node_modules\.bin;C:\Users\tkarn\AppData\Local\Yarn\Data\link\node_modules\.bin;C:\Program Files\libexec\lib\node_modules\npm\bin\node-gyp-bin;C:\Program Files\lib\node_modules\npm\bin\node-gyp-bin;C:\Program Files\nodejs\node_modules\npm\bin\node-gyp-bin;C:\Users\tkarn\Downloads\WINDOWS.X64_193000_db_home\bin;C:\WINDOWS\system32;C:\WINDOWS;C:\WINDOWS\System32\Wbem;C:\WINDOWS\System32\WindowsPowerShell\v1.0\;C:\WINDOWS\System32\OpenSSH\;C:\ProgramData\chocolatey\bin;C:\Program Files (x86)\Yarn\bin\;C:\ProgramData\nvm;C:\Program Files\nodejs;C:\Program Files\Git\cmd;C:\Program Files\nodejs\;C:\Program Files\Docker\Docker\resources\bin;C:\ProgramData\DockerDesktop\version-bin;C:\Users\tkarn\AppData\Local\Programs\Python\Python37\Scripts\;C:\Users\tkarn\AppData\Local\Programs\Python\Python37\;C:\Users\tkarn\scoop\apps\nodejs\current\bin;C:\Users\tkarn\scoop\apps\nodejs\current;C:\Users\tkarn\scoop\apps\yarn\current\global\node_modules\.bin;C:\Users\tkarn\scoop\apps\yarn\current\Yarn\bin;C:\Users\tkarn\scoop\shims;C:\Users\tkarn\AppData\Local\Microsoft\WindowsApps;C:\Users\tkarn\AppData\Local\Programs\Microsoft VS Code\bin;C:\Users\tkarn\AppData\Local\Yarn\bin;C:\Program Files\OpenJDK\openjdk-8u275-b01\bin;C:\Users\tkarn\AppData\Roaming\npm;C:\Users\tkarn\AppData\Local\Android\Sdk;C:\Program Files\Inkscape\bin;C:\sh;C:\Program Files (x86)\Dev-Cpp\MinGW64\bin;C:\Program Files\nodejs;C:\Program Files\OpenJDK\openjdk-8u275-b01\bin;C:\Users\tkarn\AppData\Local\Android\Sdk\platform-tools;C:\Users\tkarn\AppData\Local\Android\Sdk\build-tools\30.0.3;
USERNAME=tkarnr
OS=Windows_NT
PROCESSOR_IDENTIFIER=Intel64 Family 6 Model 142 Stepping 11, GenuineIntel



---------------  S Y S T E M  ---------------

OS: Windows 10.0 , 64 bit Build 18362 (10.0.18362.1110)

CPU:total 8 (initial active 8) (4 cores per cpu, 2 threads per core) family 6 model 142 stepping 11, cmov, cx8, fxsr, mmx, sse, sse2, sse3, ssse3, sse4.1, sse4.2, popcnt, avx, avx2, aes, clmul, erms, 3dnowpref, lzcnt, ht, tsc, tscinvbit, bmi1, bmi2, adx

Memory: 4k page, physical 8264948k(480948k free), swap 8264948k(6664k free)

vm_info: OpenJDK 64-Bit Server VM (25.275-b01) for windows-amd64 JRE (1.8.0_275-b01), built on Nov  6 2020 13:43:37 by "build" with MS VC++ 10.0 (VS2010)

time: Sun Jan 10 22:32:38 2021
timezone: 대한민국 표준시
elapsed time: 61.159840 seconds (0d 0h 1m 1s)

